CRITICAL - 2025-05-23 13:16:04 --> CodeIgniter\View\Exceptions\ViewException: Invalid file: "user/login.php"
[Method: GET, Route: user/login]
in SYSTEMPATH\Exceptions\FrameworkException.php on line 39.
 1 SYSTEMPATH\View\View.php(212): CodeIgniter\Exceptions\FrameworkException::forInvalidFile('user/login.php')
 2 SYSTEMPATH\Common.php(1173): CodeIgniter\View\View->render('user/login', [], true)
 3 APPPATH\Controllers\User.php(20): view('user/login')
 4 SYSTEMPATH\CodeIgniter.php(933): App\Controllers\User->login()
 5 SYSTEMPATH\CodeIgniter.php(507): CodeIgniter\CodeIgniter->runController(Object(App\Controllers\User))
 6 SYSTEMPATH\CodeIgniter.php(354): CodeIgniter\CodeIgniter->handleRequest(null, Object(Config\Cache), false)
 7 SYSTEMPATH\Boot.php(334): CodeIgniter\CodeIgniter->run()
 8 SYSTEMPATH\Boot.php(67): CodeIgniter\Boot::runCodeIgniter(Object(CodeIgniter\CodeIgniter))
 9 FCPATH\index.php(56): CodeIgniter\Boot::bootWeb(Object(Config\Paths))
CRITICAL - 2025-05-23 13:18:24 --> CodeIgniter\View\Exceptions\ViewException: Invalid file: "user/login.php"
[Method: GET, Route: user/login]
in SYSTEMPATH\Exceptions\FrameworkException.php on line 39.
 1 SYSTEMPATH\View\View.php(212): CodeIgniter\Exceptions\FrameworkException::forInvalidFile('user/login.php')
 2 SYSTEMPATH\Common.php(1173): CodeIgniter\View\View->render('user/login', [], true)
 3 APPPATH\Controllers\User.php(20): view('user/login')
 4 SYSTEMPATH\CodeIgniter.php(933): App\Controllers\User->login()
 5 SYSTEMPATH\CodeIgniter.php(507): CodeIgniter\CodeIgniter->runController(Object(App\Controllers\User))
 6 SYSTEMPATH\CodeIgniter.php(354): CodeIgniter\CodeIgniter->handleRequest(null, Object(Config\Cache), false)
 7 SYSTEMPATH\Boot.php(334): CodeIgniter\CodeIgniter->run()
 8 SYSTEMPATH\Boot.php(67): CodeIgniter\Boot::runCodeIgniter(Object(CodeIgniter\CodeIgniter))
 9 FCPATH\index.php(56): CodeIgniter\Boot::bootWeb(Object(Config\Paths))
CRITICAL - 2025-05-23 13:18:49 --> CodeIgniter\View\Exceptions\ViewException: Invalid file: "user/login.php"
[Method: GET, Route: user/login]
in SYSTEMPATH\Exceptions\FrameworkException.php on line 39.
 1 SYSTEMPATH\View\View.php(212): CodeIgniter\Exceptions\FrameworkException::forInvalidFile('user/login.php')
 2 SYSTEMPATH\Common.php(1173): CodeIgniter\View\View->render('user/login', [], true)
 3 APPPATH\Controllers\User.php(20): view('user/login')
 4 SYSTEMPATH\CodeIgniter.php(933): App\Controllers\User->login()
 5 SYSTEMPATH\CodeIgniter.php(507): CodeIgniter\CodeIgniter->runController(Object(App\Controllers\User))
 6 SYSTEMPATH\CodeIgniter.php(354): CodeIgniter\CodeIgniter->handleRequest(null, Object(Config\Cache), false)
 7 SYSTEMPATH\Boot.php(334): CodeIgniter\CodeIgniter->run()
 8 SYSTEMPATH\Boot.php(67): CodeIgniter\Boot::runCodeIgniter(Object(CodeIgniter\CodeIgniter))
 9 FCPATH\index.php(56): CodeIgniter\Boot::bootWeb(Object(Config\Paths))
